Start testing: Aug 10 17:42 AEST
----------------------------------------------------------
2/7 Testing: test.iterator_tests
2/7 Test: test.iterator_tests
Command: "/tmp_amd/adams/export/adams/3/z5164744/Desktop/COMP6771/ass3/build/test/graph/iterator_tests"
Directory: /tmp_amd/adams/export/adams/3/z5164744/Desktop/COMP6771/ass3/build/test/graph
"test.iterator_tests" start time: Aug 10 17:42 AEST
Output:
----------------------------------------------------------
===============================================================================
All tests passed (82 assertions in 7 test cases)

<end of output>
Test time =   0.23 sec
----------------------------------------------------------
Test Passed.
"test.iterator_tests" end time: Aug 10 17:42 AEST
"test.iterator_tests" time elapsed: 00:00:00
----------------------------------------------------------

1/7 Testing: test.constructor_tests
1/7 Test: test.constructor_tests
Command: "/tmp_amd/adams/export/adams/3/z5164744/Desktop/COMP6771/ass3/build/test/graph/constructor_tests"
Directory: /tmp_amd/adams/export/adams/3/z5164744/Desktop/COMP6771/ass3/build/test/graph
"test.constructor_tests" start time: Aug 10 17:42 AEST
Output:
----------------------------------------------------------
===============================================================================
All tests passed (149 assertions in 7 test cases)

<end of output>
Test time =   0.24 sec
----------------------------------------------------------
Test Passed.
"test.constructor_tests" end time: Aug 10 17:42 AEST
"test.constructor_tests" time elapsed: 00:00:00
----------------------------------------------------------

4/7 Testing: test.accessors_tests
4/7 Test: test.accessors_tests
Command: "/tmp_amd/adams/export/adams/3/z5164744/Desktop/COMP6771/ass3/build/test/graph/accessors_tests"
Directory: /tmp_amd/adams/export/adams/3/z5164744/Desktop/COMP6771/ass3/build/test/graph
"test.accessors_tests" start time: Aug 10 17:42 AEST
Output:
----------------------------------------------------------
===============================================================================
All tests passed (44 assertions in 5 test cases)

<end of output>
Test time =   0.22 sec
----------------------------------------------------------
Test Passed.
"test.accessors_tests" end time: Aug 10 17:42 AEST
"test.accessors_tests" time elapsed: 00:00:00
----------------------------------------------------------

6/7 Testing: test.friend_functions_tests
6/7 Test: test.friend_functions_tests
Command: "/tmp_amd/adams/export/adams/3/z5164744/Desktop/COMP6771/ass3/build/test/graph/friend_functions_tests"
Directory: /tmp_amd/adams/export/adams/3/z5164744/Desktop/COMP6771/ass3/build/test/graph
"test.friend_functions_tests" start time: Aug 10 17:42 AEST
Output:
----------------------------------------------------------
===============================================================================
All tests passed (2 assertions in 1 test case)

<end of output>
Test time =   0.21 sec
----------------------------------------------------------
Test Passed.
"test.friend_functions_tests" end time: Aug 10 17:42 AEST
"test.friend_functions_tests" time elapsed: 00:00:00
----------------------------------------------------------

7/7 Testing: test.template_tests
7/7 Test: test.template_tests
Command: "/tmp_amd/adams/export/adams/3/z5164744/Desktop/COMP6771/ass3/build/test/graph/template_tests"
Directory: /tmp_amd/adams/export/adams/3/z5164744/Desktop/COMP6771/ass3/build/test/graph
"test.template_tests" start time: Aug 10 17:42 AEST
Output:
----------------------------------------------------------
===============================================================================
All tests passed (100 assertions in 2 test cases)

<end of output>
Test time =   0.23 sec
----------------------------------------------------------
Test Passed.
"test.template_tests" end time: Aug 10 17:42 AEST
"test.template_tests" time elapsed: 00:00:00
----------------------------------------------------------

5/7 Testing: test.modifers_tests
5/7 Test: test.modifers_tests
Command: "/tmp_amd/adams/export/adams/3/z5164744/Desktop/COMP6771/ass3/build/test/graph/modifers_tests"
Directory: /tmp_amd/adams/export/adams/3/z5164744/Desktop/COMP6771/ass3/build/test/graph
"test.modifers_tests" start time: Aug 10 17:42 AEST
Output:
----------------------------------------------------------
===============================================================================
All tests passed (237 assertions in 7 test cases)

<end of output>
Test time =   0.25 sec
----------------------------------------------------------
Test Passed.
"test.modifers_tests" end time: Aug 10 17:42 AEST
"test.modifers_tests" time elapsed: 00:00:00
----------------------------------------------------------

3/7 Testing: test.constructor_reliant_methods
3/7 Test: test.constructor_reliant_methods
Command: "/tmp_amd/adams/export/adams/3/z5164744/Desktop/COMP6771/ass3/build/test/graph/constructor_reliant_methods"
Directory: /tmp_amd/adams/export/adams/3/z5164744/Desktop/COMP6771/ass3/build/test/graph
"test.constructor_reliant_methods" start time: Aug 10 17:42 AEST
Output:
----------------------------------------------------------
===============================================================================
All tests passed (155 assertions in 5 test cases)

<end of output>
Test time =   0.22 sec
----------------------------------------------------------
Test Passed.
"test.constructor_reliant_methods" end time: Aug 10 17:42 AEST
"test.constructor_reliant_methods" time elapsed: 00:00:00
----------------------------------------------------------

End testing: Aug 10 17:42 AEST
