<?xml version="1.0" encoding="UTF-8"?>
<Site BuildName="Linux-clang++-11"
	BuildStamp="20220731-0409-Experimental"
	Name="vx4"
	Generator="ctest-3.18.4"
	CompilerName="/usr/bin/clang++-11"
	CompilerVersion="11.0.1"
	OSName="Linux"
	Hostname="vx4"
	OSRelease="4.9.0-18-amd64"
	OSVersion="#1 SMP Debian 4.9.303-1 (2022-03-07)"
	OSPlatform="x86_64"
	Is64Bits="1"
	VendorString="GenuineIntel"
	VendorID="Intel Corporation"
	FamilyID="6"
	ModelID="79"
	ProcessorCacheSize="35840"
	NumberOfLogicalCPU="56"
	NumberOfPhysicalCPU="28"
	TotalVirtualMemory="0"
	TotalPhysicalMemory="257869"
	LogicalProcessorsPerPhysical="2"
	ProcessorClockFrequency="1316.16"
	>
	<Testing>
		<StartDateTime>Aug 01 09:41 AEST</StartDateTime>
		<StartTestTime>1659310918</StartTestTime>
		<TestList>
			<Test>./test/graph/test.constructor_tests</Test>
			<Test>./test/graph/test.iterator_tests</Test>
			<Test>./test/graph/test.graph_test1</Test>
			<Test>./test/graph/test.getters_setters_tests</Test>
		</TestList>
		<Test Status="passed">
			<Name>test.constructor_tests</Name>
			<Path>./test/graph</Path>
			<FullName>./test/graph/test.constructor_tests</FullName>
			<FullCommandLine>/tmp_amd/adams/export/adams/3/z5164744/Desktop/COMP6771/ass3/build/test/graph/constructor_tests</FullCommandLine>
			<Results>
				<NamedMeasurement type="numeric/double" name="Execution Time">
					<Value>0.0783316</Value>
				</NamedMeasurement>
				<NamedMeasurement type="numeric/double" name="Processors">
					<Value>1</Value>
				</NamedMeasurement>
				<NamedMeasurement type="text/string" name="Completion Status">
					<Value>Completed</Value>
				</NamedMeasurement>
				<NamedMeasurement type="text/string" name="Command Line">
					<Value>/tmp_amd/adams/export/adams/3/z5164744/Desktop/COMP6771/ass3/build/test/graph/constructor_tests</Value>
				</NamedMeasurement>
				<NamedMeasurement type="text/string" name="Environment">
					<Value>#CTEST_RESOURCE_GROUP_COUNT=</Value>
				</NamedMeasurement>
				<Measurement>
					<Value encoding="base64" compression="gzip">eJyztaUq4HLMyVEoSS0uKVYoSCwuTk1R0DA0tFQAMYtKMvPzihUy8xTMwSoUkhOLU4s1ubgAj9oj0g==</Value>
				</Measurement>
			</Results>
		</Test>
		<Test Status="passed">
			<Name>test.iterator_tests</Name>
			<Path>./test/graph</Path>
			<FullName>./test/graph/test.iterator_tests</FullName>
			<FullCommandLine>/tmp_amd/adams/export/adams/3/z5164744/Desktop/COMP6771/ass3/build/test/graph/iterator_tests</FullCommandLine>
			<Results>
				<NamedMeasurement type="numeric/double" name="Execution Time">
					<Value>0.095584</Value>
				</NamedMeasurement>
				<NamedMeasurement type="numeric/double" name="Processors">
					<Value>1</Value>
				</NamedMeasurement>
				<NamedMeasurement type="text/string" name="Completion Status">
					<Value>Completed</Value>
				</NamedMeasurement>
				<NamedMeasurement type="text/string" name="Command Line">
					<Value>/tmp_amd/adams/export/adams/3/z5164744/Desktop/COMP6771/ass3/build/test/graph/iterator_tests</Value>
				</NamedMeasurement>
				<NamedMeasurement type="text/string" name="Environment">
					<Value>#CTEST_RESOURCE_GROUP_COUNT=</Value>
				</NamedMeasurement>
				<Measurement>
					<Value encoding="base64" compression="gzip">eJyztaUq4HLMyVEoSS0uKVYoSCwuTk1R0LAwVACxikoy8/OKFTLzFMzBChSSE4tTizW5uABwPyOg====</Value>
				</Measurement>
			</Results>
		</Test>
		<Test Status="passed">
			<Name>test.graph_test1</Name>
			<Path>./test/graph</Path>
			<FullName>./test/graph/test.graph_test1</FullName>
			<FullCommandLine>/tmp_amd/adams/export/adams/3/z5164744/Desktop/COMP6771/ass3/build/test/graph/graph_test1</FullCommandLine>
			<Results>
				<NamedMeasurement type="numeric/double" name="Execution Time">
					<Value>0.0926535</Value>
				</NamedMeasurement>
				<NamedMeasurement type="numeric/double" name="Processors">
					<Value>1</Value>
				</NamedMeasurement>
				<NamedMeasurement type="text/string" name="Completion Status">
					<Value>Completed</Value>
				</NamedMeasurement>
				<NamedMeasurement type="text/string" name="Command Line">
					<Value>/tmp_amd/adams/export/adams/3/z5164744/Desktop/COMP6771/ass3/build/test/graph/graph_test1</Value>
				</NamedMeasurement>
				<NamedMeasurement type="text/string" name="Environment">
					<Value>#CTEST_RESOURCE_GROUP_COUNT=</Value>
				</NamedMeasurement>
				<Measurement>
					<Value encoding="base64" compression="gzip">eJyztaUq4CpJLS5RSE4sTi22UjBUqAHigsTi4tQULhBZVJKZnweU0FXIy89LVdDl4gIA+UQh8g==</Value>
				</Measurement>
			</Results>
		</Test>
		<Test Status="passed">
			<Name>test.getters_setters_tests</Name>
			<Path>./test/graph</Path>
			<FullName>./test/graph/test.getters_setters_tests</FullName>
			<FullCommandLine>/tmp_amd/adams/export/adams/3/z5164744/Desktop/COMP6771/ass3/build/test/graph/getters_setters_tests</FullCommandLine>
			<Results>
				<NamedMeasurement type="numeric/double" name="Execution Time">
					<Value>0.113209</Value>
				</NamedMeasurement>
				<NamedMeasurement type="numeric/double" name="Processors">
					<Value>1</Value>
				</NamedMeasurement>
				<NamedMeasurement type="text/string" name="Completion Status">
					<Value>Completed</Value>
				</NamedMeasurement>
				<NamedMeasurement type="text/string" name="Command Line">
					<Value>/tmp_amd/adams/export/adams/3/z5164744/Desktop/COMP6771/ass3/build/test/graph/getters_setters_tests</Value>
				</NamedMeasurement>
				<NamedMeasurement type="text/string" name="Environment">
					<Value>#CTEST_RESOURCE_GROUP_COUNT=</Value>
				</NamedMeasurement>
				<Measurement>
					<Value encoding="base64" compression="gzip">eJyztaUq4HLMyVEoSS0uKVYoSCwuTk1R0DA0MFcAMYtKMvPzihUy8xQswSoUkhOLU4s1ubgAj5oj0Q==</Value>
				</Measurement>
			</Results>
		</Test>
		<EndDateTime>Aug 01 09:41 AEST</EndDateTime>
		<EndTestTime>1659310918</EndTestTime>
		<ElapsedMinutes>0</ElapsedMinutes>
	</Testing>
</Site>
